<?xml version="1.0" encoding="UTF-8"?>
<!-- Generated by org.testng.reporters.JUnitReportReporter -->
<testsuite hostname="LAPTOP-1VHF929S" failures="0" tests="2" name="main.SignUpTest" time="14.917" errors="0" timestamp="2024-12-15T10:07:02 IST" skipped="0">
  <testcase classname="main.SignUpTest" name="signupFlow" time="9.085"/>
  <system-out/>
  <testcase classname="main.SignUpTest" name="loginFlow" time="5.832"/>
  <system-out/>
</testsuite> <!-- main.SignUpTest -->
